
ROM used: 61 (1%)
          61 (1%) including unused fragments

          0 Average locations per line
          6 Average locations per statement

RAM used: 6 (3%) at main() level
          6 (3%) worst case

Stack used: 0 worst case (out of 8 total available)

Lines Stmts  %   Files
----- ----- ---  -----
   22    11 100  main.c
   12     0   0  main.h
  233     0   0  ..\..\..\..\..\..\Program Files (x86)\PICC\devices\16C73.h
----- -----
  267    11 Total

Page ROM  %  RAM   Vol Diff  Functions:
---- --- --- ---   --- ----  ----------
0     57  93   1   262  3.2  main

Program metrics:
    Functions               1
    Statements              11
    Comments                62
    Volume (V)              262
    Difficilty (D)          3.2
    Effort to implement (E) 847
    Time to implement (T)   1 minutes
    Est Delivered Bugs (B)  0
    Cyclomatic Complexity   1
    Maintainability (MI)    85

 Segment     Used  Free
-----------  ----  ----
00000-00003     4  0  
00004-007FF    57  1987  
00800-00FFF     0  2048  



