CCS PCM C Compiler, Version 4.057, 51112               17-Jun-15 23:15

               Filename: main.lst

               ROM used: 61 words (1%)
                         Largest free fragment is 2048
               RAM used: 6 (3%) at main() level
                         6 (3%) worst case
               Stack:    0 locations

*
0000:  MOVLW  00
0001:  MOVWF  0A
0002:  GOTO   004
0003:  NOP
.................... #include "C:\Users\ccsn\Desktop\pic\PROGRAMS\serial\main.h" 
.................... #include <16C73.h> 
.................... //////// Standard Header file for the PIC16C73 device //////////////// 
.................... #device PIC16C73 
.................... #list 
....................  
.................... #device adc=8 
....................  
.................... #FUSES NOWDT                 	//No Watch Dog Timer 
.................... #FUSES LP                    	//Low power osc < 200 khz 
.................... #FUSES NOPUT                 	//No Power Up Timer 
.................... #FUSES PROTECT               	//Code protected from reads 
....................  
.................... #use delay(clock=20000000) 
.................... #use rs232(baud=9600,parity=N,xmit=PIN_C6,rcv=PIN_C7,bits=8) 
....................  
....................  
....................  
....................  
.................... void main() 
.................... { 
0004:  CLRF   04
0005:  MOVLW  1F
0006:  ANDWF  03,F
0007:  MOVLW  81
0008:  BSF    03.5
0009:  MOVWF  19
000A:  MOVLW  A6
000B:  MOVWF  18
000C:  MOVLW  90
000D:  BCF    03.5
000E:  MOVWF  18
000F:  BSF    03.5
0010:  BSF    1F.0
0011:  BSF    1F.1
0012:  BSF    1F.2
....................    char c; 
....................    setup_adc_ports(NO_ANALOGS); 
0013:  BSF    1F.0
0014:  BSF    1F.1
0015:  BSF    1F.2
....................    setup_adc(ADC_OFF); 
0016:  BCF    03.5
0017:  BCF    1F.0
....................    setup_spi(SPI_SS_DISABLED); 
0018:  BCF    14.5
0019:  BSF    03.5
001A:  BCF    07.5
001B:  BSF    07.4
001C:  BCF    07.3
001D:  MOVLW  01
001E:  BCF    03.5
001F:  MOVWF  14
....................    setup_timer_0(RTCC_INTERNAL|RTCC_DIV_1); 
0020:  BSF    03.5
0021:  MOVF   01,W
0022:  ANDLW  C7
0023:  IORLW  08
0024:  MOVWF  01
....................    setup_timer_1(T1_DISABLED); 
0025:  BCF    03.5
0026:  CLRF   10
....................    setup_timer_2(T2_DISABLED,0,1); 
0027:  MOVLW  00
0028:  MOVWF  21
0029:  MOVWF  12
002A:  MOVLW  00
002B:  BSF    03.5
002C:  MOVWF  12
....................    while(1) 
....................    { 
....................    c=getc(); 
002D:  BCF    03.5
002E:  BTFSS  0C.5
002F:  GOTO   02E
0030:  MOVF   1A,W
0031:  MOVWF  26
....................    putc(c); 
0032:  MOVF   26,W
0033:  BTFSS  0C.4
0034:  GOTO   033
0035:  MOVWF  19
....................    output_b(c); 
0036:  BSF    03.5
0037:  CLRF   06
0038:  BCF    03.5
0039:  MOVF   26,W
003A:  MOVWF  06
....................    } 
003B:  GOTO   02E
....................    // TODO: USER CODE!! 
....................  
.................... } 
003C:  SLEEP

Configuration Fuses:
   Word  1: 3FC0   LP NOWDT NOPUT PROTECT
