
ROM used: 100 (2%)
          100 (2%) including unused fragments

          0 Average locations per line
          5 Average locations per statement

RAM used: 6 (3%) at main() level
          7 (4%) worst case

Stack used: 1 worst case (out of 8 total available)

Lines Stmts  %   Files
----- ----- ---  -----
   34    19 100  main.c
   12     0   0  main.h
  233     0   0  ..\..\..\..\..\..\Program Files (x86)\PICC\devices\16C73.h
----- -----
  279    19 Total

Page ROM  %  RAM   Vol Diff  Functions:
---- --- --- ---   --- ----  ----------
0     19  19   1             @delay_ms1
0     77  77   1   482  4.8  main

Program metrics:
    Functions               1
    Statements              19
    Comments                62
    Volume (V)              485
    Difficilty (D)          4.6
    Effort to implement (E) 2250
    Time to implement (T)   2 minutes
    Est Delivered Bugs (B)  0
    Cyclomatic Complexity   1
    Maintainability (MI)    73

 Segment     Used  Free
-----------  ----  ----
00000-00003     4  0  
00004-007FF    96  1948  
00800-00FFF     0  2048  



