
ROM used: 82 (2%)
          82 (2%) including unused fragments

          0 Average locations per line
          6 Average locations per statement

RAM used: 5 (3%) at main() level
          6 (3%) worst case

Stack used: 1 worst case (out of 8 total available)

Lines Stmts  %   Files
----- ----- ---  -----
   24    13 100  new.c
   12     0   0  new.h
  233     0   0  ..\..\..\..\..\..\..\Program Files (x86)\PICC\devices\16C73.h
----- -----
  269    13 Total

Page ROM  %  RAM   Vol Diff  Functions:
---- --- --- ---   --- ----  ----------
0     19  23   1             @delay_ms1
0     59  72   0   285  2.8  main

Program metrics:
    Functions               1
    Statements              13
    Comments                62
    Volume (V)              287
    Difficilty (D)          2.7
    Effort to implement (E) 773
    Time to implement (T)   1 minutes
    Est Delivered Bugs (B)  0
    Cyclomatic Complexity   1
    Maintainability (MI)    82

 Segment     Used  Free
-----------  ----  ----
00000-00003     4  0  
00004-007FF    78  1966  
00800-00FFF     0  2048  



