
ROM used: 71 (2%)
          71 (2%) including unused fragments

          0 Average locations per line
          5 Average locations per statement

RAM used: 6 (3%) at main() level
          6 (3%) worst case

Stack used: 0 worst case (out of 8 total available)

Lines Stmts  %   Files
----- ----- ---  -----
   30    15 100  main.c
   12     0   0  main.h
  233     0   0  ..\..\..\..\..\..\Program Files (x86)\PICC\devices\16C73.h
----- -----
  275    15 Total

Page ROM  %  RAM   Vol Diff  Functions:
---- --- --- ---   --- ----  ----------
0     67  94   1   325  4.2  main

Program metrics:
    Functions               1
    Statements              15
    Comments                62
    Volume (V)              325
    Difficilty (D)          4.2
    Effort to implement (E) 1363
    Time to implement (T)   1 minutes
    Est Delivered Bugs (B)  0
    Cyclomatic Complexity   1
    Maintainability (MI)    79

 Segment     Used  Free
-----------  ----  ----
00000-00003     4  0  
00004-007FF    67  1977  
00800-00FFF     0  2048  



