
ROM used: 57 (1%)
          57 (1%) including unused fragments

          0 Average locations per line
          4 Average locations per statement

RAM used: 6 (3%) at main() level
          6 (3%) worst case

Stack used: 0 worst case (out of 8 total available)

Lines Stmts  %   Files
----- ----- ---  -----
   29    15 100  main.c
   12     0   0  main.h
  233     0   0  ..\..\..\..\..\..\Program Files (x86)\PICC\devices\16C73.h
----- -----
  274    15 Total

Page ROM  %  RAM   Vol Diff  Functions:
---- --- --- ---   --- ----  ----------
0     53  93   0   260  2.8  MAIN

Program metrics:
    Functions               1
    Statements              15
    Comments                62
    Volume (V)              260
    Difficilty (D)          2.8
    Effort to implement (E) 720
    Time to implement (T)   1 minutes
    Est Delivered Bugs (B)  0
    Cyclomatic Complexity   1
    Maintainability (MI)    80

 Segment     Used  Free
-----------  ----  ----
00000-00003     4  0  
00004-007FF    53  1991  
00800-00FFF     0  2048  



